<?xml version="1.0" encoding="UTF-8"?>
<!-- Generated by org.testng.reporters.JUnitXMLReporter -->
<testsuite hostname="Lakshmis-MacBook-Pro.local" ignored="1" name="Default test" tests="1" failures="0" timestamp="2023-06-13T22:51:51 MST" time="5.108" errors="0">
  <testcase name="TC_1_error_login_salesforce_testscript" time="1.014" classname="com.automation.tests.automationScripts"/>
  <testcase name="login_to_salesforce_testscript" time="0.0" classname="com.automation.tests.automationScripts">
    <ignored/>
  </testcase> <!-- login_to_salesforce_testscript -->
</testsuite> <!-- Default test -->
