<?xml version="1.0" encoding="UTF-8"?>
<!-- Generated by org.testng.reporters.JUnitXMLReporter -->
<testsuite hostname="Lakshmis-MacBook-Pro.local" ignored="0" name="Tests" tests="2" failures="0" timestamp="2023-06-14T07:19:51 MST" time="10.143" errors="0">
  <testcase name="TC_1_error_login_salesforce_testscript" time="1.046" classname="com.automation.tests.automationScripts"/>
  <testcase name="login_to_salesforce_testscript" time="2.036" classname="com.automation.tests.automationScripts"/>
</testsuite> <!-- Tests -->
