<?xml version="1.0" encoding="UTF-8"?>
<!-- Generated by org.testng.reporters.JUnitXMLReporter -->
<testsuite hostname="Lakshmis-MacBook-Pro.local" ignored="0" name="Tests" tests="1" failures="0" timestamp="2023-06-06T18:15:07 MST" time="0.514" errors="0">
  <testcase name="@BeforeMethod BeforeMethod" time="0.002" classname="com.automation.BaseTests.BaseTestsSalesforce">
    <failure type="java.lang.Error" message="Unresolved compilation problems: 
	The annotation @Parameters is disallowed for this location
	The attribute value is undefined for the annotation type Parameters
">
      <![CDATA[java.lang.Error: Unresolved compilation problems: 
The annotation @Parameters is disallowed for this location
The attribute value is undefined for the annotation type Parameters

at com.automation.BaseTests.BaseTestsSalesforce.BeforeMethod(BaseTestsSalesforce.java:41)
at java.util.ArrayList.forEach(ArrayList.java:1259)
... Removed 31 stack frames]]>
    </failure>
  </testcase> <!-- @BeforeMethod BeforeMethod -->
  <testcase name="@AfterMethod tearDownAfterTestMethod" time="-1.686100507556E9" classname="com.automation.BaseTests.BaseTestsSalesforce">
    <skipped/>
  </testcase> <!-- @AfterMethod tearDownAfterTestMethod -->
  <testcase name="login_to_salesforce_testscript" time="0.0" classname="com.automation.tests.automationScripts">
    <skipped/>
  </testcase> <!-- login_to_salesforce_testscript -->
</testsuite> <!-- Tests -->
