<?xml version="1.0" encoding="UTF-8"?>
<testng-results skipped="0" failed="0" ignored="1" total="2" passed="1">
  <reporter-output>
  </reporter-output>
  <suite name="Default suite" duration-ms="5108" started-at="2023-06-13T22:51:45 MST" finished-at="2023-06-13T22:51:51 MST">
    <groups>
    </groups>
    <test name="Default test" duration-ms="5108" started-at="2023-06-13T22:51:45 MST" finished-at="2023-06-13T22:51:51 MST">
      <class name="com.automation.tests.automationScripts">
        <test-method status="PASS" signature="BeforeTest()[pri:0, instance:com.automation.tests.automationScripts@52f759d7]" name="BeforeTest" is-config="true" duration-ms="335" started-at="2023-06-13T22:51:45 MST" finished-at="2023-06-13T22:51:46 MST">
          <reporter-output>
          </reporter-output>
        </test-method> <!-- BeforeTest -->
        <test-method status="PASS" signature="BeforeMethod(java.lang.String)[pri:0, instance:com.automation.tests.automationScripts@52f759d7]" name="BeforeMethod" is-config="true" duration-ms="3572" started-at="2023-06-13T22:51:46 MST" finished-at="2023-06-13T22:51:49 MST">
          <params>
            <param index="0">
              <value>
                <![CDATA[chrome]]>
              </value>
            </param>
          </params>
          <reporter-output>
          </reporter-output>
        </test-method> <!-- BeforeMethod -->
        <test-method status="PASS" signature="TC_1_error_login_salesforce_testscript()[pri:0, instance:com.automation.tests.automationScripts@52f759d7]" name="TC_1_error_login_salesforce_testscript" duration-ms="1014" started-at="2023-06-13T22:51:49 MST" finished-at="2023-06-13T22:51:50 MST">
          <reporter-output>
          </reporter-output>
        </test-method> <!-- TC_1_error_login_salesforce_testscript -->
        <test-method status="PASS" signature="tearDownAfterTestMethod()[pri:0, instance:com.automation.tests.automationScripts@52f759d7]" name="tearDownAfterTestMethod" is-config="true" duration-ms="164" started-at="2023-06-13T22:51:50 MST" finished-at="2023-06-13T22:51:51 MST">
          <reporter-output>
          </reporter-output>
        </test-method> <!-- tearDownAfterTestMethod -->
      </class> <!-- com.automation.tests.automationScripts -->
    </test> <!-- Default test -->
  </suite> <!-- Default suite -->
</testng-results>
